<?xml version="1.0" encoding="UTF-8"?>
<!-- Generated by org.testng.reporters.JUnitReportReporter -->
<testsuite skipped="0" hostname="DESKTOP-QT8RIA1" name="com.test.Ex7_GoogleTitleTest" tests="2" failures="0" timestamp="2020-04-01T02:00:16 IST" time="25.739" errors="0">
  <testcase name="googleTitleTest" time="12.344" classname="com.test.Ex7_GoogleTitleTest"/>
  <testcase name="googleLogoTest" time="13.395" classname="com.test.Ex7_GoogleTitleTest"/>
</testsuite> <!-- com.test.Ex7_GoogleTitleTest -->
