<?xml version="1.0" encoding="UTF-8"?>
<!-- Generated by org.testng.reporters.JUnitReportReporter -->
<testsuite skipped="0" hostname="DESKTOP-QT8RIA1" name="com.test.GoogleTest" tests="3" failures="0" timestamp="2020-04-01T01:04:11 IST" time="37.079" errors="0">
  <testcase name="googleTitleTest" time="11.536" classname="com.test.GoogleTest"/>
  <testcase name="googleLogoTest" time="12.619" classname="com.test.GoogleTest"/>
  <testcase name="gmailLinkTest" time="12.924" classname="com.test.GoogleTest"/>
</testsuite> <!-- com.test.GoogleTest -->
