<?xml version="1.0" encoding="UTF-8"?>
<!-- Generated by org.testng.reporters.JUnitReportReporter -->
<testsuite skipped="0" hostname="DESKTOP-QT8RIA1" name="com.test.InvocationCountTest" tests="5" failures="0" timestamp="2020-04-01T01:28:34 IST" time="0.026" errors="0">
  <testcase name="sum" time="0.001" classname="com.test.InvocationCountTest"/>
  <testcase name="sum" time="0.002" classname="com.test.InvocationCountTest"/>
  <testcase name="sum" time="0.004" classname="com.test.InvocationCountTest"/>
  <testcase name="sum" time="0.004" classname="com.test.InvocationCountTest"/>
  <testcase name="sum" time="0.015" classname="com.test.InvocationCountTest"/>
</testsuite> <!-- com.test.InvocationCountTest -->
