<?xml version="1.0" encoding="UTF-8"?>
<!-- Generated by org.testng.reporters.JUnitReportReporter -->
<testsuite skipped="0" hostname="DESKTOP-QT8RIA1" name="com.parameters.Ex2_DataproviderTest" tests="3" failures="0" timestamp="2020-04-02T02:49:14 IST" time="39.226" errors="0">
  <testcase name="openBrowser" time="13.238" classname="com.parameters.Ex2_DataproviderTest"/>
  <testcase name="openBrowser" time="11.895" classname="com.parameters.Ex2_DataproviderTest"/>
  <testcase name="openBrowser" time="14.093" classname="com.parameters.Ex2_DataproviderTest"/>
</testsuite> <!-- com.parameters.Ex2_DataproviderTest -->
