<?xml version="1.0" encoding="UTF-8"?>
<!-- Generated by org.testng.reporters.JUnitReportReporter -->
<testsuite skipped="0" hostname="DESKTOP-QT8RIA1" name="com.parameters.Ex1_ParameterTest" tests="1" failures="0" timestamp="2020-04-01T21:50:57 IST" time="7.990" errors="0">
  <testcase name="yahooLoginTest" time="7.990" classname="com.parameters.Ex1_ParameterTest"/>
</testsuite> <!-- com.parameters.Ex1_ParameterTest -->
