<?xml version="1.0" encoding="UTF-8"?>
<!-- Generated by org.testng.reporters.JUnitReportReporter -->
<testsuite skipped="0" hostname="DESKTOP-QT8RIA1" name="com.test.TestngBasics" tests="2" failures="0" timestamp="2020-03-31T23:27:03 IST" time="0.012" errors="0">
  <testcase name="searchTest" time="0.005" classname="com.test.TestngBasics"/>
  <testcase name="googleTitleTest" time="0.007" classname="com.test.TestngBasics"/>
</testsuite> <!-- com.test.TestngBasics -->
